@let                  (-1, -1)
ID                      (1, 0)
,                     (-1, -1)
ID                      (5, 0)
,                     (-1, -1)
ID                      (1, 1)
=                     (-1, -1)
ID                      (1, 0)
=                     (-1, -1)
-                     (-1, -1)
CONST                   (1, 2)
new_line              (-1, -1)
@let                  (-1, -1)
=                     (-1, -1)
CONST                   (1, 3)
new_line              (-1, -1)
new_line              (-1, -1)
ID                      (5, 0)
=                     (-1, -1)
ID                      (1, 0)
+                     (-1, -1)
CONST                   (1, 3)
new_line              (-1, -1)
@check                (-1, -1)
(                     (-1, -1)
ID                      (5, 0)
>                     (-1, -1)
CONST                   (1, 4)
)                     (-1, -1)
new_line              (-1, -1)
@print                (-1, -1)
ID                      (1, 0)
new_line              (-1, -1)
new_line              (-1, -1)
@print                (-1, -1)
CONST                   (1, 4)
new_line              (-1, -1)
new_line              (-1, -1)
