('var', -1)
('__id_identifier', (679, 0))
(':', -1)
('integer', -1)
(';', -1)
('__id_identifier', (700, 0))
(':', -1)
('integer', -1)
(';', -1)
('__id_identifier', (601, 0))
(':', -1)
('integer', -1)
(';', -1)
('__id_identifier', (549, 0))
(':', -1)
('integer', -1)
(';', -1)
('__id_identifier', (840, 0))
(':', -1)
('integer', -1)
(';', -1)
('__id_identifier', (847, 0))
(':', -1)
('integer', -1)
(';', -1)
('__id_identifier', (872, 0))
(':', -1)
('integer', -1)
(';', -1)
('__id_identifier', (370, 0))
(':', -1)
('integer', -1)
(';', -1)
('__id_identifier', (686, 0))
(':', -1)
('integer', -1)
(';', -1)
('__id_identifier', (693, 0))
(':', -1)
('integer', -1)
(';', -1)
('__id_identifier', (488, 0))
(':', -1)
('integer', -1)
(';', -1)
('#', -1)
('__id_identifier', (679, 0))
('=', -1)
('__id_constant', (371, 0))
(';', -1)
('__id_identifier', (700, 0))
('=', -1)
('__id_constant', (350, 0))
(';', -1)
('__id_identifier', (601, 0))
('=', -1)
('__id_constant', (343, 0))
(';', -1)
('while', -1)
('__id_identifier', (700, 0))
('*', -1)
('__id_identifier', (700, 0))
('<=', -1)
('__id_identifier', (679, 0))
('repeat', -1)
('if', -1)
('__id_identifier', (679, 0))
('%', -1)
('__id_identifier', (700, 0))
('==', -1)
('__id_constant', (336, 0))
('then', -1)
('__id_identifier', (601, 0))
('=', -1)
('__id_constant', (336, 0))
(';', -1)
(';', -1)
(';', -1)
('if', -1)
('__id_identifier', (601, 0))
('==', -1)
('__id_constant', (343, 0))
('then', -1)
('write', -1)
('(', -1)
('__id_constant', (54, 0))
(')', -1)
(';', -1)
('el', -1)
('write', -1)
('(', -1)
('__id_constant', (971, 0))
(')', -1)
(';', -1)
(';', -1)
('__id_identifier', (840, 0))
('=', -1)
('__id_constant', (793, 0))
(';', -1)
('__id_identifier', (847, 0))
('=', -1)
('__id_constant', (87, 0))
(';', -1)
('if', -1)
('__id_identifier', (840, 0))
('>', -1)
('__id_identifier', (847, 0))
('then', -1)
('__id_identifier', (872, 0))
('=', -1)
('__id_identifier', (840, 0))
(';', -1)
('el', -1)
('__id_identifier', (872, 0))
('=', -1)
('__id_identifier', (847, 0))
(';', -1)
(';', -1)
('__id_identifier', (370, 0))
('=', -1)
('__id_constant', (336, 0))
(';', -1)
('while', -1)
('__id_identifier', (370, 0))
('==', -1)
('__id_constant', (336, 0))
('repeat', -1)
('if', -1)
('__id_identifier', (840, 0))
('%', -1)
('__id_identifier', (872, 0))
('==', -1)
('__id_constant', (336, 0))
('then', -1)
('if', -1)
('__id_identifier', (847, 0))
('%', -1)
('__id_identifier', (872, 0))
('==', -1)
('__id_constant', (336, 0))
('then', -1)
('__id_identifier', (370, 0))
('=', -1)
('__id_constant', (343, 0))
(';', -1)
(';', -1)
(';', -1)
('if', -1)
('__id_identifier', (370, 0))
('==', -1)
('__id_constant', (336, 0))
('then', -1)
('__id_identifier', (872, 0))
('=', -1)
('__id_identifier', (872, 0))
('-', -1)
('__id_constant', (343, 0))
(';', -1)
(';', -1)
(';', -1)
('write', -1)
('(', -1)
('__id_identifier', (872, 0))
(')', -1)
(';', -1)
('write', -1)
('(', -1)
('__id_constant', (110, 0))
(')', -1)
(';', -1)
('__id_identifier', (679, 0))
('=', -1)
('-', -1)
('__id_constant', (350, 0))
(';', -1)
('__id_identifier', (686, 0))
('=', -1)
('__id_constant', (357, 0))
(';', -1)
('__id_identifier', (693, 0))
('=', -1)
('__id_constant', (350, 0))
(';', -1)
('__id_identifier', (488, 0))
('=', -1)
('__id_identifier', (686, 0))
('*', -1)
('__id_identifier', (686, 0))
('-', -1)
('__id_constant', (364, 0))
('*', -1)
('__id_identifier', (679, 0))
('*', -1)
('__id_identifier', (693, 0))
(';', -1)
('if', -1)
('__id_identifier', (488, 0))
('<', -1)
('__id_constant', (336, 0))
('then', -1)
('write', -1)
('(', -1)
('__id_constant', (716, 0))
(')', -1)
(';', -1)
(';', -1)
('if', -1)
('__id_identifier', (488, 0))
('>', -1)
('__id_constant', (336, 0))
('then', -1)
('__id_identifier', (549, 0))
('=', -1)
('(', -1)
('-', -1)
('__id_identifier', (686, 0))
('-', -1)
('sqrt', -1)
('(', -1)
('__id_identifier', (488, 0))
(')', -1)
(')', -1)
('/', -1)
('(', -1)
('__id_constant', (350, 0))
('*', -1)
('__id_identifier', (679, 0))
(')', -1)
(';', -1)
('write', -1)
('(', -1)
('__id_identifier', (549, 0))
(')', -1)
(';', -1)
('__id_identifier', (549, 0))
('=', -1)
('(', -1)
('-', -1)
('__id_identifier', (686, 0))
('+', -1)
('sqrt', -1)
('(', -1)
('__id_identifier', (488, 0))
(')', -1)
(')', -1)
('/', -1)
('(', -1)
('__id_constant', (350, 0))
('*', -1)
('__id_identifier', (679, 0))
(')', -1)
(';', -1)
('write', -1)
('(', -1)
('__id_identifier', (549, 0))
(')', -1)
(';', -1)
(';', -1)
('if', -1)
('__id_identifier', (488, 0))
('==', -1)
('__id_constant', (336, 0))
('then', -1)
('__id_identifier', (549, 0))
('=', -1)
('-', -1)
('__id_identifier', (686, 0))
('/', -1)
('(', -1)
('__id_constant', (350, 0))
('*', -1)
('__id_identifier', (679, 0))
(')', -1)
(';', -1)
('write', -1)
('(', -1)
('__id_identifier', (549, 0))
(')', -1)
(';', -1)
(';', -1)
('%', -1)
('end', -1)
