@let                  (-1, -1)
ID                      (1, 0)
,                     (-1, -1)
ID                      (1, 1)
;                       (-1, -1)
@enter                (-1, -1)
ID                      (1, 0)
;                       (-1, -1)
@enter                (-1, -1)
ID                      (1, 1)
;                       (-1, -1)
@check                (-1, -1)
(                     (-1, -1)
ID                      (1, 0)
<                     (-1, -1)
ID                      (1, 1)
)                     (-1, -1)
@print                (-1, -1)
ID                      (1, 0)
;                       (-1, -1)
@otherwise            (-1, -1)
@print                (-1, -1)
ID                      (1, 1)
;                       (-1, -1)
;                       (-1, -1)